<?xml version="1.0" encoding="UTF-8"?>
<testng-results skipped="0" failed="0" ignored="0" total="1" passed="1">
  <reporter-output>
  </reporter-output>
  <suite name="AllTestsSuite" duration-ms="39297" started-at="2020-01-14T16:02:45 CET" finished-at="2020-01-14T16:03:24 CET">
    <groups>
    </groups>
    <test name="My First Selenium TestNG Test" duration-ms="39297" started-at="2020-01-14T16:02:45 CET" finished-at="2020-01-14T16:03:24 CET">
      <class name="TestMobile">
        <test-method status="PASS" signature="setUp()[pri:0, instance:TestMobile@66a3ffec]" name="setUp" is-config="true" duration-ms="16121" started-at="2020-01-14T16:02:45 CET" finished-at="2020-01-14T16:03:01 CET">
          <reporter-output>
          </reporter-output>
        </test-method> <!-- setUp -->
        <test-method status="PASS" signature="testCal()[pri:0, instance:TestMobile@66a3ffec]" name="testCal" duration-ms="23147" started-at="2020-01-14T16:03:01 CET" finished-at="2020-01-14T16:03:24 CET">
          <reporter-output>
          </reporter-output>
        </test-method> <!-- testCal -->
      </class> <!-- TestMobile -->
    </test> <!-- My First Selenium TestNG Test -->
  </suite> <!-- AllTestsSuite -->
</testng-results>
